[2024-04-25 09:23:24:4452] INFO  31184 --- [nio-8181-exec-1] o.s.web.servlet.DispatcherServlet        : Initializing Servlet 'dispatcherServlet'
[2024-04-25 09:23:24:4458] INFO  31184 --- [nio-8181-exec-1] o.s.web.servlet.DispatcherServlet        : Completed initialization in 1 ms
[2024-04-25 09:23:51:3677] INFO  28748 --- [nio-8181-exec-1] o.s.web.servlet.DispatcherServlet        : Initializing Servlet 'dispatcherServlet'
[2024-04-25 09:23:51:3678] INFO  28748 --- [nio-8181-exec-1] o.s.web.servlet.DispatcherServlet        : Completed initialization in 0 ms
[2024-04-25 09:24:29:4919] INFO  18580 --- [nio-8181-exec-1] o.s.web.servlet.DispatcherServlet        : Initializing Servlet 'dispatcherServlet'
[2024-04-25 09:24:29:4920] INFO  18580 --- [nio-8181-exec-1] o.s.web.servlet.DispatcherServlet        : Completed initialization in 1 ms
[2024-04-25 09:25:19:8681] INFO  10680 --- [nio-8181-exec-1] o.s.web.servlet.DispatcherServlet        : Initializing Servlet 'dispatcherServlet'
[2024-04-25 09:25:19:8682] INFO  10680 --- [nio-8181-exec-1] o.s.web.servlet.DispatcherServlet        : Completed initialization in 1 ms
[2024-04-25 09:26:10:11039] INFO  26520 --- [nio-8181-exec-2] o.s.web.servlet.DispatcherServlet        : Initializing Servlet 'dispatcherServlet'
[2024-04-25 09:26:10:11040] INFO  26520 --- [nio-8181-exec-2] o.s.web.servlet.DispatcherServlet        : Completed initialization in 1 ms
[2024-04-25 09:28:23:9335] INFO  2596 --- [nio-8181-exec-1] o.s.web.servlet.DispatcherServlet        : Initializing Servlet 'dispatcherServlet'
[2024-04-25 09:28:23:9335] INFO  2596 --- [nio-8181-exec-1] o.s.web.servlet.DispatcherServlet        : Completed initialization in 0 ms
[2024-04-25 09:31:15:180766] WARN  2596 --- [io-8181-exec-10] .w.s.m.s.DefaultHandlerExceptionResolver : Resolved [org.springframework.http.converter.HttpMessageNotReadableException: JSON parse error: Cannot deserialize value of type `int` from String "${sessionScope.login.userId}": not a valid `int` value]
[2024-04-25 09:47:30:8220] INFO  28296 --- [nio-8181-exec-1] o.s.web.servlet.DispatcherServlet        : Initializing Servlet 'dispatcherServlet'
[2024-04-25 09:47:30:8222] INFO  28296 --- [nio-8181-exec-1] o.s.web.servlet.DispatcherServlet        : Completed initialization in 1 ms
[2024-04-25 11:16:09:6680] INFO  19464 --- [nio-8181-exec-1] o.s.web.servlet.DispatcherServlet        : Initializing Servlet 'dispatcherServlet'
[2024-04-25 11:16:09:6682] INFO  19464 --- [nio-8181-exec-1] o.s.web.servlet.DispatcherServlet        : Completed initialization in 0 ms
[2024-04-25 11:27:32:29063] INFO  26544 --- [nio-8181-exec-1] o.s.web.servlet.DispatcherServlet        : Initializing Servlet 'dispatcherServlet'
[2024-04-25 11:27:32:29065] INFO  26544 --- [nio-8181-exec-1] o.s.web.servlet.DispatcherServlet        : Completed initialization in 2 ms
[2024-04-25 11:43:50:8231] INFO  16056 --- [nio-8181-exec-1] o.s.web.servlet.DispatcherServlet        : Initializing Servlet 'dispatcherServlet'
[2024-04-25 11:43:50:8232] INFO  16056 --- [nio-8181-exec-1] o.s.web.servlet.DispatcherServlet        : Completed initialization in 1 ms
[2024-04-25 11:45:15:13089] INFO  30292 --- [nio-8181-exec-1] o.s.web.servlet.DispatcherServlet        : Initializing Servlet 'dispatcherServlet'
[2024-04-25 11:45:15:13090] INFO  30292 --- [nio-8181-exec-1] o.s.web.servlet.DispatcherServlet        : Completed initialization in 1 ms
[2024-04-25 11:48:15:193251] INFO  30292 --- [nio-8181-exec-2] o.s.web.servlet.DispatcherServlet        : Initializing Servlet 'dispatcherServlet'
[2024-04-25 11:48:15:193252] INFO  30292 --- [nio-8181-exec-2] o.s.web.servlet.DispatcherServlet        : Completed initialization in 1 ms
[2024-04-25 13:08:28:13202] INFO  31004 --- [nio-8181-exec-1] o.s.web.servlet.DispatcherServlet        : Initializing Servlet 'dispatcherServlet'
[2024-04-25 13:08:28:13203] INFO  31004 --- [nio-8181-exec-1] o.s.web.servlet.DispatcherServlet        : Completed initialization in 1 ms
[2024-04-25 13:19:02:14866] INFO  29764 --- [nio-8181-exec-2] o.s.web.servlet.DispatcherServlet        : Initializing Servlet 'dispatcherServlet'
[2024-04-25 13:19:02:14867] INFO  29764 --- [nio-8181-exec-2] o.s.web.servlet.DispatcherServlet        : Completed initialization in 0 ms
[2024-04-25 14:04:20:4401] INFO  6336 --- [nio-8181-exec-1] o.s.web.servlet.DispatcherServlet        : Initializing Servlet 'dispatcherServlet'
[2024-04-25 14:04:20:4402] INFO  6336 --- [nio-8181-exec-1] o.s.web.servlet.DispatcherServlet        : Completed initialization in 1 ms
[2024-04-25 14:09:16:7358] INFO  6696 --- [nio-8181-exec-1] o.s.web.servlet.DispatcherServlet        : Initializing Servlet 'dispatcherServlet'
[2024-04-25 14:09:16:7359] INFO  6696 --- [nio-8181-exec-1] o.s.web.servlet.DispatcherServlet        : Completed initialization in 0 ms
[2024-04-25 14:14:25:5996] INFO  32372 --- [nio-8181-exec-1] o.s.web.servlet.DispatcherServlet        : Initializing Servlet 'dispatcherServlet'
[2024-04-25 14:14:25:5997] INFO  32372 --- [nio-8181-exec-1] o.s.web.servlet.DispatcherServlet        : Completed initialization in 1 ms
[2024-04-25 14:16:00:9021] INFO  32596 --- [nio-8181-exec-1] o.s.web.servlet.DispatcherServlet        : Initializing Servlet 'dispatcherServlet'
[2024-04-25 14:16:00:9024] INFO  32596 --- [nio-8181-exec-1] o.s.web.servlet.DispatcherServlet        : Completed initialization in 1 ms
[2024-04-25 14:17:49:118889] INFO  32596 --- [nio-8181-exec-1] o.s.web.servlet.DispatcherServlet        : Initializing Servlet 'dispatcherServlet'
[2024-04-25 14:17:49:118890] INFO  32596 --- [nio-8181-exec-1] o.s.web.servlet.DispatcherServlet        : Completed initialization in 0 ms
[2024-04-25 14:42:47:9614] INFO  31908 --- [nio-8181-exec-1] o.s.web.servlet.DispatcherServlet        : Initializing Servlet 'dispatcherServlet'
[2024-04-25 14:42:47:9616] INFO  31908 --- [nio-8181-exec-1] o.s.web.servlet.DispatcherServlet        : Completed initialization in 0 ms
[2024-04-25 14:47:06:13129] INFO  30184 --- [nio-8181-exec-1] o.s.web.servlet.DispatcherServlet        : Initializing Servlet 'dispatcherServlet'
[2024-04-25 14:47:06:13131] INFO  30184 --- [nio-8181-exec-1] o.s.web.servlet.DispatcherServlet        : Completed initialization in 1 ms
[2024-04-25 14:49:01:5545] INFO  14024 --- [nio-8181-exec-1] o.s.web.servlet.DispatcherServlet        : Initializing Servlet 'dispatcherServlet'
[2024-04-25 14:49:01:5546] INFO  14024 --- [nio-8181-exec-1] o.s.web.servlet.DispatcherServlet        : Completed initialization in 1 ms
[2024-04-25 14:51:43:7288] INFO  25240 --- [nio-8181-exec-1] o.s.web.servlet.DispatcherServlet        : Initializing Servlet 'dispatcherServlet'
[2024-04-25 14:51:43:7289] INFO  25240 --- [nio-8181-exec-1] o.s.web.servlet.DispatcherServlet        : Completed initialization in 1 ms
[2024-04-25 14:58:56:105377] INFO  19284 --- [nio-8181-exec-1] o.s.web.servlet.DispatcherServlet        : Initializing Servlet 'dispatcherServlet'
[2024-04-25 14:58:56:105379] INFO  19284 --- [nio-8181-exec-1] o.s.web.servlet.DispatcherServlet        : Completed initialization in 2 ms
[2024-04-25 15:06:24:8466] INFO  1312 --- [nio-8181-exec-1] o.s.web.servlet.DispatcherServlet        : Initializing Servlet 'dispatcherServlet'
[2024-04-25 15:06:24:8466] INFO  1312 --- [nio-8181-exec-1] o.s.web.servlet.DispatcherServlet        : Completed initialization in 0 ms
[2024-04-25 15:10:26:9480] INFO  30696 --- [nio-8181-exec-1] o.s.web.servlet.DispatcherServlet        : Initializing Servlet 'dispatcherServlet'
[2024-04-25 15:10:26:9481] INFO  30696 --- [nio-8181-exec-1] o.s.web.servlet.DispatcherServlet        : Completed initialization in 0 ms
[2024-04-25 16:41:45:10494] INFO  2636 --- [nio-8181-exec-1] o.s.web.servlet.DispatcherServlet        : Initializing Servlet 'dispatcherServlet'
[2024-04-25 16:41:45:10495] INFO  2636 --- [nio-8181-exec-1] o.s.web.servlet.DispatcherServlet        : Completed initialization in 1 ms
[2024-04-25 16:42:43:4488] INFO  30800 --- [nio-8181-exec-1] o.s.web.servlet.DispatcherServlet        : Initializing Servlet 'dispatcherServlet'
[2024-04-25 16:42:43:4489] INFO  30800 --- [nio-8181-exec-1] o.s.web.servlet.DispatcherServlet        : Completed initialization in 1 ms
[2024-04-25 16:44:23:7761] INFO  32520 --- [nio-8181-exec-2] o.s.web.servlet.DispatcherServlet        : Initializing Servlet 'dispatcherServlet'
[2024-04-25 16:44:23:7763] INFO  32520 --- [nio-8181-exec-2] o.s.web.servlet.DispatcherServlet        : Completed initialization in 2 ms
[2024-04-25 16:46:21:7424] INFO  32392 --- [nio-8181-exec-1] o.s.web.servlet.DispatcherServlet        : Initializing Servlet 'dispatcherServlet'
[2024-04-25 16:46:21:7425] INFO  32392 --- [nio-8181-exec-1] o.s.web.servlet.DispatcherServlet        : Completed initialization in 0 ms
[2024-04-25 16:48:08:9111] INFO  10196 --- [nio-8181-exec-1] o.s.web.servlet.DispatcherServlet        : Initializing Servlet 'dispatcherServlet'
[2024-04-25 16:48:08:9111] INFO  10196 --- [nio-8181-exec-1] o.s.web.servlet.DispatcherServlet        : Completed initialization in 0 ms
[2024-04-25 16:49:16:8087] INFO  31124 --- [nio-8181-exec-1] o.s.web.servlet.DispatcherServlet        : Initializing Servlet 'dispatcherServlet'
[2024-04-25 16:49:16:8088] INFO  31124 --- [nio-8181-exec-1] o.s.web.servlet.DispatcherServlet        : Completed initialization in 1 ms
[2024-04-25 16:52:19:7124] INFO  16836 --- [nio-8181-exec-1] o.s.web.servlet.DispatcherServlet        : Initializing Servlet 'dispatcherServlet'
[2024-04-25 16:52:19:7125] INFO  16836 --- [nio-8181-exec-1] o.s.web.servlet.DispatcherServlet        : Completed initialization in 1 ms
[2024-04-25 16:53:32:7595] INFO  31736 --- [nio-8181-exec-1] o.s.web.servlet.DispatcherServlet        : Initializing Servlet 'dispatcherServlet'
[2024-04-25 16:53:32:7597] INFO  31736 --- [nio-8181-exec-1] o.s.web.servlet.DispatcherServlet        : Completed initialization in 0 ms
[2024-04-25 16:56:26:7759] INFO  30008 --- [nio-8181-exec-2] o.s.web.servlet.DispatcherServlet        : Initializing Servlet 'dispatcherServlet'
[2024-04-25 16:56:26:7760] INFO  30008 --- [nio-8181-exec-2] o.s.web.servlet.DispatcherServlet        : Completed initialization in 1 ms
[2024-04-25 16:58:15:8020] INFO  29652 --- [nio-8181-exec-2] o.s.web.servlet.DispatcherServlet        : Initializing Servlet 'dispatcherServlet'
[2024-04-25 16:58:15:8021] INFO  29652 --- [nio-8181-exec-2] o.s.web.servlet.DispatcherServlet        : Completed initialization in 1 ms
[2024-04-25 16:59:07:5335] INFO  8180 --- [nio-8181-exec-1] o.s.web.servlet.DispatcherServlet        : Initializing Servlet 'dispatcherServlet'
[2024-04-25 16:59:07:5336] INFO  8180 --- [nio-8181-exec-1] o.s.web.servlet.DispatcherServlet        : Completed initialization in 1 ms
[2024-04-25 18:45:58:9011] INFO  27400 --- [nio-8181-exec-1] o.s.web.servlet.DispatcherServlet        : Initializing Servlet 'dispatcherServlet'
[2024-04-25 18:45:58:9012] INFO  27400 --- [nio-8181-exec-1] o.s.web.servlet.DispatcherServlet        : Completed initialization in 1 ms
[2024-04-25 18:48:50:6275] INFO  32704 --- [nio-8181-exec-1] o.s.web.servlet.DispatcherServlet        : Initializing Servlet 'dispatcherServlet'
[2024-04-25 18:48:50:6276] INFO  32704 --- [nio-8181-exec-1] o.s.web.servlet.DispatcherServlet        : Completed initialization in 0 ms
[2024-04-25 19:19:40:24913] INFO  30480 --- [nio-8181-exec-1] o.s.web.servlet.DispatcherServlet        : Initializing Servlet 'dispatcherServlet'
[2024-04-25 19:19:40:24915] INFO  30480 --- [nio-8181-exec-1] o.s.web.servlet.DispatcherServlet        : Completed initialization in 2 ms
[2024-04-25 19:38:06:22890] INFO  27224 --- [nio-8181-exec-1] o.s.web.servlet.DispatcherServlet        : Initializing Servlet 'dispatcherServlet'
[2024-04-25 19:38:06:22890] INFO  27224 --- [nio-8181-exec-1] o.s.web.servlet.DispatcherServlet        : Completed initialization in 0 ms
[2024-04-25 19:39:13:8217] INFO  7668 --- [nio-8181-exec-2] o.s.web.servlet.DispatcherServlet        : Initializing Servlet 'dispatcherServlet'
[2024-04-25 19:39:13:8218] INFO  7668 --- [nio-8181-exec-2] o.s.web.servlet.DispatcherServlet        : Completed initialization in 1 ms
[2024-04-25 19:40:15:3557] INFO  23412 --- [nio-8181-exec-1] o.s.web.servlet.DispatcherServlet        : Initializing Servlet 'dispatcherServlet'
[2024-04-25 19:40:15:3560] INFO  23412 --- [nio-8181-exec-1] o.s.web.servlet.DispatcherServlet        : Completed initialization in 3 ms
[2024-04-25 19:45:51:8732] INFO  3344 --- [nio-8181-exec-1] o.s.web.servlet.DispatcherServlet        : Initializing Servlet 'dispatcherServlet'
[2024-04-25 19:45:51:8733] INFO  3344 --- [nio-8181-exec-1] o.s.web.servlet.DispatcherServlet        : Completed initialization in 0 ms
[2024-04-25 19:48:58:13740] INFO  10800 --- [nio-8181-exec-1] o.s.web.servlet.DispatcherServlet        : Initializing Servlet 'dispatcherServlet'
[2024-04-25 19:48:58:13741] INFO  10800 --- [nio-8181-exec-1] o.s.web.servlet.DispatcherServlet        : Completed initialization in 1 ms
[2024-04-25 19:50:12:5186] INFO  32720 --- [nio-8181-exec-1] o.s.web.servlet.DispatcherServlet        : Initializing Servlet 'dispatcherServlet'
[2024-04-25 19:50:12:5187] INFO  32720 --- [nio-8181-exec-1] o.s.web.servlet.DispatcherServlet        : Completed initialization in 1 ms
[2024-04-25 19:53:44:12228] INFO  3344 --- [nio-8181-exec-2] o.s.web.servlet.DispatcherServlet        : Initializing Servlet 'dispatcherServlet'
[2024-04-25 19:53:44:12229] INFO  3344 --- [nio-8181-exec-2] o.s.web.servlet.DispatcherServlet        : Completed initialization in 1 ms
[2024-04-25 19:55:02:6736] INFO  6976 --- [nio-8181-exec-1] o.s.web.servlet.DispatcherServlet        : Initializing Servlet 'dispatcherServlet'
[2024-04-25 19:55:02:6737] INFO  6976 --- [nio-8181-exec-1] o.s.web.servlet.DispatcherServlet        : Completed initialization in 1 ms
[2024-04-25 19:56:29:5699] INFO  9788 --- [nio-8181-exec-1] o.s.web.servlet.DispatcherServlet        : Initializing Servlet 'dispatcherServlet'
[2024-04-25 19:56:29:5699] INFO  9788 --- [nio-8181-exec-1] o.s.web.servlet.DispatcherServlet        : Completed initialization in 0 ms
[2024-04-25 20:28:08:11642] INFO  29744 --- [nio-8181-exec-2] o.s.web.servlet.DispatcherServlet        : Initializing Servlet 'dispatcherServlet'
[2024-04-25 20:28:08:11643] INFO  29744 --- [nio-8181-exec-2] o.s.web.servlet.DispatcherServlet        : Completed initialization in 0 ms
[2024-04-25 20:28:28:31380] WARN  29744 --- [nio-8181-exec-6] .w.s.m.s.DefaultHandlerExceptionResolver : Resolved [org.springframework.web.HttpRequestMethodNotSupportedException: Request method 'POST' is not supported]
[2024-04-25 20:29:08:9234] INFO  7252 --- [nio-8181-exec-1] o.s.web.servlet.DispatcherServlet        : Initializing Servlet 'dispatcherServlet'
[2024-04-25 20:29:08:9235] INFO  7252 --- [nio-8181-exec-1] o.s.web.servlet.DispatcherServlet        : Completed initialization in 1 ms
[2024-04-25 20:29:27:28034] WARN  7252 --- [nio-8181-exec-3] .w.s.m.s.DefaultHandlerExceptionResolver : Resolved [org.springframework.web.HttpRequestMethodNotSupportedException: Request method 'POST' is not supported]
[2024-04-25 20:30:32:5583] INFO  8452 --- [nio-8181-exec-2] o.s.web.servlet.DispatcherServlet        : Initializing Servlet 'dispatcherServlet'
[2024-04-25 20:30:32:5583] INFO  8452 --- [nio-8181-exec-2] o.s.web.servlet.DispatcherServlet        : Completed initialization in 0 ms
[2024-04-25 20:30:53:26481] WARN  8452 --- [nio-8181-exec-7] .w.s.m.s.DefaultHandlerExceptionResolver : Resolved [org.springframework.web.HttpRequestMethodNotSupportedException: Request method 'POST' is not supported]
[2024-04-25 20:32:05:5799] INFO  31492 --- [nio-8181-exec-1] o.s.web.servlet.DispatcherServlet        : Initializing Servlet 'dispatcherServlet'
[2024-04-25 20:32:05:5800] INFO  31492 --- [nio-8181-exec-1] o.s.web.servlet.DispatcherServlet        : Completed initialization in 1 ms
[2024-04-25 20:32:27:27561] WARN  31492 --- [nio-8181-exec-8] .w.s.m.s.DefaultHandlerExceptionResolver : Resolved [org.springframework.web.HttpRequestMethodNotSupportedException: Request method 'POST' is not supported]
[2024-04-25 20:33:42:5480] INFO  32440 --- [nio-8181-exec-1] o.s.web.servlet.DispatcherServlet        : Initializing Servlet 'dispatcherServlet'
[2024-04-25 20:33:42:5480] INFO  32440 --- [nio-8181-exec-1] o.s.web.servlet.DispatcherServlet        : Completed initialization in 0 ms
[2024-04-25 20:33:57:21053] WARN  32440 --- [nio-8181-exec-7] .w.s.m.s.DefaultHandlerExceptionResolver : Resolved [org.springframework.web.HttpRequestMethodNotSupportedException: Request method 'POST' is not supported]
[2024-04-25 20:35:09:11294] INFO  21984 --- [nio-8181-exec-1] o.s.web.servlet.DispatcherServlet        : Initializing Servlet 'dispatcherServlet'
[2024-04-25 20:35:09:11295] INFO  21984 --- [nio-8181-exec-1] o.s.web.servlet.DispatcherServlet        : Completed initialization in 0 ms
[2024-04-25 20:35:25:26622] WARN  21984 --- [nio-8181-exec-4] .w.s.m.s.DefaultHandlerExceptionResolver : Resolved [org.springframework.web.HttpRequestMethodNotSupportedException: Request method 'POST' is not supported]
[2024-04-25 20:36:33:11201] INFO  29520 --- [nio-8181-exec-1] o.s.web.servlet.DispatcherServlet        : Initializing Servlet 'dispatcherServlet'
[2024-04-25 20:36:33:11202] INFO  29520 --- [nio-8181-exec-1] o.s.web.servlet.DispatcherServlet        : Completed initialization in 1 ms
[2024-04-25 20:36:54:32543] WARN  29520 --- [nio-8181-exec-3] .w.s.m.s.DefaultHandlerExceptionResolver : Resolved [org.springframework.web.HttpRequestMethodNotSupportedException: Request method 'POST' is not supported]
[2024-04-25 20:37:31:6273] INFO  30912 --- [nio-8181-exec-1] o.s.web.servlet.DispatcherServlet        : Initializing Servlet 'dispatcherServlet'
[2024-04-25 20:37:31:6274] INFO  30912 --- [nio-8181-exec-1] o.s.web.servlet.DispatcherServlet        : Completed initialization in 0 ms
[2024-04-25 20:39:07:5746] INFO  31892 --- [nio-8181-exec-1] o.s.web.servlet.DispatcherServlet        : Initializing Servlet 'dispatcherServlet'
[2024-04-25 20:39:07:5746] INFO  31892 --- [nio-8181-exec-1] o.s.web.servlet.DispatcherServlet        : Completed initialization in 0 ms
[2024-04-25 20:40:31:5064] INFO  22592 --- [nio-8181-exec-1] o.s.web.servlet.DispatcherServlet        : Initializing Servlet 'dispatcherServlet'
[2024-04-25 20:40:31:5065] INFO  22592 --- [nio-8181-exec-1] o.s.web.servlet.DispatcherServlet        : Completed initialization in 0 ms
[2024-04-25 20:42:00:10698] INFO  5156 --- [nio-8181-exec-1] o.s.web.servlet.DispatcherServlet        : Initializing Servlet 'dispatcherServlet'
[2024-04-25 20:42:00:10699] INFO  5156 --- [nio-8181-exec-1] o.s.web.servlet.DispatcherServlet        : Completed initialization in 1 ms
[2024-04-25 20:43:15:9699] INFO  9316 --- [nio-8181-exec-1] o.s.web.servlet.DispatcherServlet        : Initializing Servlet 'dispatcherServlet'
[2024-04-25 20:43:15:9700] INFO  9316 --- [nio-8181-exec-1] o.s.web.servlet.DispatcherServlet        : Completed initialization in 0 ms
[2024-04-25 20:43:34:28875] WARN  9316 --- [io-8181-exec-10] .w.s.m.s.DefaultHandlerExceptionResolver : Resolved [org.springframework.web.HttpRequestMethodNotSupportedException: Request method 'DELETE' is not supported]
[2024-04-25 20:44:00:7580] INFO  27756 --- [nio-8181-exec-1] o.s.web.servlet.DispatcherServlet        : Initializing Servlet 'dispatcherServlet'
[2024-04-25 20:44:00:7581] INFO  27756 --- [nio-8181-exec-1] o.s.web.servlet.DispatcherServlet        : Completed initialization in 1 ms
[2024-04-25 20:44:20:28428] WARN  27756 --- [nio-8181-exec-6] .w.s.m.s.DefaultHandlerExceptionResolver : Resolved [org.springframework.web.HttpRequestMethodNotSupportedException: Request method 'DELETE' is not supported]
[2024-04-25 20:45:15:17198] INFO  27556 --- [nio-8181-exec-1] o.s.web.servlet.DispatcherServlet        : Initializing Servlet 'dispatcherServlet'
[2024-04-25 20:45:15:17199] INFO  27556 --- [nio-8181-exec-1] o.s.web.servlet.DispatcherServlet        : Completed initialization in 1 ms
[2024-04-25 20:49:25:15235] INFO  10016 --- [nio-8181-exec-1] o.s.web.servlet.DispatcherServlet        : Initializing Servlet 'dispatcherServlet'
[2024-04-25 20:49:25:15237] INFO  10016 --- [nio-8181-exec-1] o.s.web.servlet.DispatcherServlet        : Completed initialization in 1 ms
[2024-04-25 21:28:16:3460] INFO  27404 --- [nio-8181-exec-1] o.s.web.servlet.DispatcherServlet        : Initializing Servlet 'dispatcherServlet'
[2024-04-25 21:28:16:3461] INFO  27404 --- [nio-8181-exec-1] o.s.web.servlet.DispatcherServlet        : Completed initialization in 1 ms
